# JRE version: OpenJDK Runtime Environment (8.0_202-b03) (build 1.8.0_202-release-1483-b03)
# Java VM: OpenJDK 64-Bit Server VM (25.202-b03 mixed mode windows-amd64 compressed oops)
Heap:
 PSYoungGen      total 390144K, used 128495K [0x00000000e0000000, 0x00000000fd100000, 0x0000000100000000)
  eden space 344064K, 30% used [0x00000000e0000000,0x00000000e67d93b8,0x00000000f5000000)
  from space 46080K, 48% used [0x00000000f5000000,0x00000000f65a29d8,0x00000000f7d00000)
  to   space 45056K, 0% used [0x00000000fa500000,0x00000000fa500000,0x00000000fd100000)
 ParOldGen       total 292352K, used 105460K [0x00000000a0000000, 0x00000000b1d80000, 0x00000000e0000000)
  object space 292352K, 36% used [0x00000000a0000000,0x00000000a66fd168,0x00000000b1d80000)
 Metaspace       used 161661K, capacity 172446K, committed 173004K, reserved 1200128K
  class space    used 20542K, capacity 22298K, committed 22784K, reserved 1048576K
GC Heap History (10 events):
Event: 3881.893 GC heap before
{Heap before GC invocations=54 (full 5):
 PSYoungGen      total 343552K, used 308854K [0x00000000e0000000, 0x00000000f8300000, 0x0000000100000000)
  eden space 289792K, 100% used [0x00000000e0000000,0x00000000f1b00000,0x00000000f1b00000)
  from space 53760K, 35% used [0x00000000f4e80000,0x00000000f611d8f0,0x00000000f8300000)
  to   space 52736K, 0% used [0x00000000f1b00000,0x00000000f1b00000,0x00000000f4e80000)
 ParOldGen       total 292352K, used 105428K [0x00000000a0000000, 0x00000000b1d80000, 0x00000000e0000000)
  object space 292352K, 36% used [0x00000000a0000000,0x00000000a66f5168,0x00000000b1d80000)
 Metaspace       used 161372K, capacity 172078K, committed 172620K, reserved 1200128K
  class space    used 20533K, capacity 22294K, committed 22656K, reserved 1048576K
Event: 3881.920 GC heap after
Heap after GC invocations=54 (full 5):
 PSYoungGen      total 342528K, used 21190K [0x00000000e0000000, 0x00000000f9280000, 0x0000000100000000)
  eden space 289792K, 0% used [0x00000000e0000000,0x00000000e0000000,0x00000000f1b00000)
  from space 52736K, 40% used [0x00000000f1b00000,0x00000000f2fb1b00,0x00000000f4e80000)
  to   space 51200K, 0% used [0x00000000f6080000,0x00000000f6080000,0x00000000f9280000)
 ParOldGen       total 292352K, used 105436K [0x00000000a0000000, 0x00000000b1d80000, 0x00000000e0000000)
  object space 292352K, 36% used [0x00000000a0000000,0x00000000a66f7168,0x00000000b1d80000)
 Metaspace       used 161372K, capacity 172078K, committed 172620K, reserved 1200128K
  class space    used 20533K, capacity 22294K, committed 22656K, reserved 1048576K
}
Event: 3885.338 GC heap before
{Heap before GC invocations=55 (full 5):
 PSYoungGen      total 342528K, used 310982K [0x00000000e0000000, 0x00000000f9280000, 0x0000000100000000)
  eden space 289792K, 100% used [0x00000000e0000000,0x00000000f1b00000,0x00000000f1b00000)
  from space 52736K, 40% used [0x00000000f1b00000,0x00000000f2fb1b00,0x00000000f4e80000)
  to   space 51200K, 0% used [0x00000000f6080000,0x00000000f6080000,0x00000000f9280000)
 ParOldGen       total 292352K, used 105436K [0x00000000a0000000, 0x00000000b1d80000, 0x00000000e0000000)
  object space 292352K, 36% used [0x00000000a0000000,0x00000000a66f7168,0x00000000b1d80000)
 Metaspace       used 161497K, capacity 172210K, committed 172620K, reserved 1200128K
  class space    used 20538K, capacity 22294K, committed 22656K, reserved 1048576K
Event: 3885.489 GC heap after
Heap after GC invocations=55 (full 5):
 PSYoungGen      total 363008K, used 26248K [0x00000000e0000000, 0x00000000f9800000, 0x0000000100000000)
  eden space 311808K, 0% used [0x00000000e0000000,0x00000000e0000000,0x00000000f3080000)
  from space 51200K, 51% used [0x00000000f6080000,0x00000000f7a222b0,0x00000000f9280000)
  to   space 49152K, 0% used [0x00000000f3080000,0x00000000f3080000,0x00000000f6080000)
 ParOldGen       total 292352K, used 105444K [0x00000000a0000000, 0x00000000b1d80000, 0x00000000e0000000)
  object space 292352K, 36% used [0x00000000a0000000,0x00000000a66f9168,0x00000000b1d80000)
 Metaspace       used 161497K, capacity 172210K, committed 172620K, reserved 1200128K
  class space    used 20538K, capacity 22294K, committed 22656K, reserved 1048576K
}
Event: 3889.541 GC heap before
{Heap before GC invocations=56 (full 5):
 PSYoungGen      total 363008K, used 338056K [0x00000000e0000000, 0x00000000f9800000, 0x0000000100000000)
  eden space 311808K, 100% used [0x00000000e0000000,0x00000000f3080000,0x00000000f3080000)
  from space 51200K, 51% used [0x00000000f6080000,0x00000000f7a222b0,0x00000000f9280000)
  to   space 49152K, 0% used [0x00000000f3080000,0x00000000f3080000,0x00000000f6080000)
 ParOldGen       total 292352K, used 105444K [0x00000000a0000000, 0x00000000b1d80000, 0x00000000e0000000)
  object space 292352K, 36% used [0x00000000a0000000,0x00000000a66f9168,0x00000000b1d80000)
 Metaspace       used 161525K, capacity 172218K, committed 172620K, reserved 1200128K
  class space    used 20538K, capacity 22294K, committed 22656K, reserved 1048576K
Event: 3889.605 GC heap after
Heap after GC invocations=56 (full 5):
 PSYoungGen      total 360960K, used 26519K [0x00000000e0000000, 0x00000000fab00000, 0x0000000100000000)
  eden space 311808K, 0% used [0x00000000e0000000,0x00000000e0000000,0x00000000f3080000)
  from space 49152K, 53% used [0x00000000f3080000,0x00000000f4a65f90,0x00000000f6080000)
  to   space 47104K, 0% used [0x00000000f7d00000,0x00000000f7d00000,0x00000000fab00000)
 ParOldGen       total 292352K, used 105452K [0x00000000a0000000, 0x00000000b1d80000, 0x00000000e0000000)
  object space 292352K, 36% used [0x00000000a0000000,0x00000000a66fb168,0x00000000b1d80000)
 Metaspace       used 161525K, capacity 172218K, committed 172620K, reserved 1200128K
  class space    used 20538K, capacity 22294K, committed 22656K, reserved 1048576K
}
Event: 3891.785 GC heap before
{Heap before GC invocations=57 (full 5):
 PSYoungGen      total 360960K, used 338327K [0x00000000e0000000, 0x00000000fab00000, 0x0000000100000000)
  eden space 311808K, 100% used [0x00000000e0000000,0x00000000f3080000,0x00000000f3080000)
  from space 49152K, 53% used [0x00000000f3080000,0x00000000f4a65f90,0x00000000f6080000)
  to   space 47104K, 0% used [0x00000000f7d00000,0x00000000f7d00000,0x00000000fab00000)
 ParOldGen       total 292352K, used 105452K [0x00000000a0000000, 0x00000000b1d80000, 0x00000000e0000000)
  object space 292352K, 36% used [0x00000000a0000000,0x00000000a66fb168,0x00000000b1d80000)
 Metaspace       used 161564K, capacity 172304K, committed 173004K, reserved 1200128K
  class space    used 20541K, capacity 22297K, committed 22784K, reserved 1048576K
Event: 3891.910 GC heap after
Heap after GC invocations=57 (full 5):
 PSYoungGen      total 391168K, used 29984K [0x00000000e0000000, 0x00000000fb000000, 0x0000000100000000)
  eden space 344064K, 0% used [0x00000000e0000000,0x00000000e0000000,0x00000000f5000000)
  from space 47104K, 63% used [0x00000000f7d00000,0x00000000f9a48048,0x00000000fab00000)
  to   space 46080K, 0% used [0x00000000f5000000,0x00000000f5000000,0x00000000f7d00000)
 ParOldGen       total 292352K, used 105460K [0x00000000a0000000, 0x00000000b1d80000, 0x00000000e0000000)
  object space 292352K, 36% used [0x00000000a0000000,0x00000000a66fd168,0x00000000b1d80000)
 Metaspace       used 161564K, capacity 172304K, committed 173004K, reserved 1200128K
  class space    used 20541K, capacity 22297K, committed 22784K, reserved 1048576K
}
Event: 3894.232 GC heap before
{Heap before GC invocations=58 (full 5):
 PSYoungGen      total 391168K, used 374048K [0x00000000e0000000, 0x00000000fb000000, 0x0000000100000000)
  eden space 344064K, 100% used [0x00000000e0000000,0x00000000f5000000,0x00000000f5000000)
  from space 47104K, 63% used [0x00000000f7d00000,0x00000000f9a48048,0x00000000fab00000)
  to   space 46080K, 0% used [0x00000000f5000000,0x00000000f5000000,0x00000000f7d00000)
 ParOldGen       total 292352K, used 105460K [0x00000000a0000000, 0x00000000b1d80000, 0x00000000e0000000)
  object space 292352K, 36% used [0x00000000a0000000,0x00000000a66fd168,0x00000000b1d80000)
 Metaspace       used 161639K, capacity 172308K, committed 173004K, reserved 1200128K
  class space    used 20541K, capacity 22297K, committed 22784K, reserved 1048576K
Event: 3894.287 GC heap after
Heap after GC invocations=58 (full 5):
 PSYoungGen      total 390144K, used 22154K [0x00000000e0000000, 0x00000000fd100000, 0x0000000100000000)
  eden space 344064K, 0% used [0x00000000e0000000,0x00000000e0000000,0x00000000f5000000)
  from space 46080K, 48% used [0x00000000f5000000,0x00000000f65a29d8,0x00000000f7d00000)
  to   space 45056K, 0% used [0x00000000fa500000,0x00000000fa500000,0x00000000fd100000)
 ParOldGen       total 292352K, used 105460K [0x00000000a0000000, 0x00000000b1d80000, 0x00000000e0000000)
  object space 292352K, 36% used [0x00000000a0000000,0x00000000a66fd168,0x00000000b1d80000)
 Metaspace       used 161639K, capacity 172308K, committed 173004K, reserved 1200128K
  class space    used 20541K, capacity 22297K, committed 22784K, reserved 1048576K
}

